<?xml version="1.0" encoding="UTF-8"?>
<!-- Generated by org.testng.reporters.JUnitXMLReporter -->
<testsuite ignored="0" hostname="DESKTOP-IGGMB0E" failures="0" tests="4" name="Default test" time="46.948" errors="0" timestamp="2024-01-03T16:25:30 AST">
  <testcase classname="TestNG.NewTest3" name="login" time="7.408"/>
  <testcase classname="TestNG.NewTest3" name="employeeInformation" time="6.75"/>
  <testcase classname="TestNG.NewTest3" name="addNewEmployee" time="16.017"/>
  <testcase classname="TestNG.NewTest3" name="editEmployeeInformation" time="15.235"/>
</testsuite> <!-- Default test -->
