<?xml version="1.0" encoding="UTF-8"?>
<!-- Generated by org.testng.reporters.JUnitXMLReporter -->
<testsuite ignored="0" hostname="DESKTOP-IGGMB0E" failures="1" tests="3" name="Testsuite" time="0.627" errors="0" timestamp="2023-08-11T12:55:24 ADT">
  <testcase classname="TestNGtwo.Listeners" name="test1" time="0.067"/>
  <testcase classname="TestNGtwo.Listeners" name="test2" time="0.099">
    <failure type="java.lang.AssertionError" message="expected [B] but found [A]">
      <![CDATA[java.lang.AssertionError: expected [B] but found [A]
at TestNGtwo.Listeners.test2(Listeners.java:13)
at java.base/java.util.ArrayList.forEach(ArrayList.java:1511)
... Removed 33 stack frames]]>
    </failure>
  </testcase> <!-- test2 -->
  <testcase classname="TestNGtwo.Listeners" name="test3" time="0.001">
    <skipped/>
  </testcase> <!-- test3 -->
</testsuite> <!-- Testsuite -->
