<?xml version="1.0" encoding="UTF-8"?>
<!-- Generated by org.testng.reporters.JUnitXMLReporter -->
<testsuite ignored="6" hostname="DESKTOP-IGGMB0E" failures="0" tests="3" name="my tests" time="0.648" errors="0" timestamp="2023-08-11T11:59:17 ADT">
  <testcase classname="TestNGtwo.Grouping" name="loginByfacebook" time="0.082"/>
  <testcase classname="TestNGtwo.Grouping" name="loginBytwitter" time="0.012"/>
  <testcase classname="TestNGtwo.Grouping" name="paymentinrupees" time="0.036"/>
  <testcase classname="TestNGtwo.Grouping" name="signupBytwitter" time="0.0">
    <ignored/>
  </testcase> <!-- signupBytwitter -->
  <testcase classname="TestNGtwo.Grouping" name="paymentindollar" time="0.0">
    <ignored/>
  </testcase> <!-- paymentindollar -->
  <testcase classname="TestNGtwo.Grouping" name="signupByemail" time="0.0">
    <ignored/>
  </testcase> <!-- signupByemail -->
  <testcase classname="TestNGtwo.Grouping" name="loginByEmail" time="0.0">
    <ignored/>
  </testcase> <!-- loginByEmail -->
  <testcase classname="TestNGtwo.Grouping" name="paymentReturnByBank" time="0.0">
    <ignored/>
  </testcase> <!-- paymentReturnByBank -->
  <testcase classname="TestNGtwo.Grouping" name="signupByfacebook" time="0.0">
    <ignored/>
  </testcase> <!-- signupByfacebook -->
</testsuite> <!-- my tests -->
