<?xml version="1.0" encoding="UTF-8"?>
<testng-results ignored="0" total="4" passed="4" failed="0" skipped="0">
  <reporter-output>
  </reporter-output>
  <suite started-at="2024-01-03T16:24:43 AST" name="Default suite" finished-at="2024-01-03T16:25:30 AST" duration-ms="46948">
    <groups>
    </groups>
    <test started-at="2024-01-03T16:24:43 AST" name="Default test" finished-at="2024-01-03T16:25:30 AST" duration-ms="46948">
      <class name="TestNG.NewTest3">
        <test-method signature="login()[pri:0, instance:TestNG.NewTest3@5bb7643d]" started-at="2024-01-03T16:24:45 AST" name="login" finished-at="2024-01-03T16:24:52 AST" duration-ms="7408" status="PASS">
          <reporter-output>
          </reporter-output>
        </test-method> <!-- login -->
        <test-method signature="employeeInformation()[pri:1, instance:TestNG.NewTest3@5bb7643d]" started-at="2024-01-03T16:24:52 AST" name="employeeInformation" finished-at="2024-01-03T16:24:59 AST" depends-on-methods="TestNG.NewTest3.login" duration-ms="6750" status="PASS">
          <reporter-output>
          </reporter-output>
        </test-method> <!-- employeeInformation -->
        <test-method signature="addNewEmployee()[pri:2, instance:TestNG.NewTest3@5bb7643d]" started-at="2024-01-03T16:24:59 AST" name="addNewEmployee" finished-at="2024-01-03T16:25:15 AST" depends-on-methods="TestNG.NewTest3.employeeInformation" duration-ms="16017" status="PASS">
          <reporter-output>
          </reporter-output>
        </test-method> <!-- addNewEmployee -->
        <test-method signature="editEmployeeInformation()[pri:2, instance:TestNG.NewTest3@5bb7643d]" started-at="2024-01-03T16:25:15 AST" name="editEmployeeInformation" finished-at="2024-01-03T16:25:30 AST" depends-on-methods="TestNG.NewTest3.employeeInformation" duration-ms="15235" status="PASS">
          <reporter-output>
          </reporter-output>
        </test-method> <!-- editEmployeeInformation -->
      </class> <!-- TestNG.NewTest3 -->
    </test> <!-- Default test -->
  </suite> <!-- Default suite -->
</testng-results>
